<?xml version="1.0" encoding="UTF-8"?>
<testng-results ignored="0" total="1" passed="1" failed="0" skipped="0">
  <reporter-output>
  </reporter-output>
  <suite started-at="2020-01-28T11:15:41Z" name="Default suite" finished-at="2020-01-28T11:15:58Z" duration-ms="16812">
    <groups>
    </groups>
    <test started-at="2020-01-28T11:15:41Z" name="Default test" finished-at="2020-01-28T11:15:58Z" duration-ms="16812">
      <class name="com.inetbanking.testCases.LoginTest">
        <test-method is-config="true" signature="setUp()[pri:0, instance:com.inetbanking.testCases.LoginTest@19d37183]" started-at="2020-01-28T11:15:41Z" name="setUp" finished-at="2020-01-28T11:15:45Z" duration-ms="4007" status="PASS">
          <reporter-output>
          </reporter-output>
        </test-method> <!-- setUp -->
        <test-method signature="loginTest()[pri:0, instance:com.inetbanking.testCases.LoginTest@19d37183]" started-at="2020-01-28T11:15:45Z" name="loginTest" finished-at="2020-01-28T11:15:57Z" duration-ms="11727" status="PASS">
          <reporter-output>
          </reporter-output>
        </test-method> <!-- loginTest -->
        <test-method is-config="true" signature="tearDown()[pri:0, instance:com.inetbanking.testCases.LoginTest@19d37183]" started-at="2020-01-28T11:15:57Z" name="tearDown" finished-at="2020-01-28T11:15:58Z" duration-ms="1042" status="PASS">
          <reporter-output>
          </reporter-output>
        </test-method> <!-- tearDown -->
      </class> <!-- com.inetbanking.testCases.LoginTest -->
    </test> <!-- Default test -->
  </suite> <!-- Default suite -->
</testng-results>
